{"/Users/paula/work/repositories/MyAlergesServer/node-js-getting-started/server.js": {"path":"/Users/paula/work/repositories/MyAlergesServer/node-js-getting-started/server.js","statementMap":{"0":{"start":{"line":2,"column":14},"end":{"line":2,"column":32}},"1":{"start":{"line":3,"column":8},"end":{"line":3,"column":17}},"2":{"start":{"line":4,"column":9},"end":{"line":4,"column":33}},"3":{"start":{"line":5,"column":17},"end":{"line":5,"column":36}},"4":{"start":{"line":6,"column":17},"end":{"line":6,"column":34}},"5":{"start":{"line":7,"column":17},"end":{"line":7,"column":50}},"6":{"start":{"line":8,"column":17},"end":{"line":8,"column":39}},"7":{"start":{"line":9,"column":17},"end":{"line":9,"column":36}},"8":{"start":{"line":11,"column":17},"end":{"line":11,"column":50}},"9":{"start":{"line":12,"column":17},"end":{"line":12,"column":38}},"10":{"start":{"line":14,"column":0},"end":{"line":14,"column":34}},"11":{"start":{"line":15,"column":14},"end":{"line":18,"column":1}},"12":{"start":{"line":23,"column":10},"end":{"line":23,"column":67}},"13":{"start":{"line":26,"column":0},"end":{"line":26,"column":31}},"14":{"start":{"line":28,"column":0},"end":{"line":28,"column":48}},"15":{"start":{"line":31,"column":0},"end":{"line":31,"column":51}},"16":{"start":{"line":32,"column":0},"end":{"line":32,"column":27}},"17":{"start":{"line":34,"column":0},"end":{"line":34,"column":23}},"18":{"start":{"line":36,"column":0},"end":{"line":36,"column":31}},"19":{"start":{"line":38,"column":17},"end":{"line":38,"column":51}},"20":{"start":{"line":39,"column":0},"end":{"line":39,"column":16}},"21":{"start":{"line":40,"column":17},"end":{"line":40,"column":51}},"22":{"start":{"line":41,"column":0},"end":{"line":41,"column":16}},"23":{"start":{"line":44,"column":0},"end":{"line":46,"column":3}},"24":{"start":{"line":45,"column":2},"end":{"line":45,"column":61}},"25":{"start":{"line":48,"column":0},"end":{"line":48,"column":17}},"26":{"start":{"line":50,"column":0},"end":{"line":50,"column":46}}},"fnMap":{"0":{"name":"(anonymous_0)","decl":{"start":{"line":44,"column":8},"end":{"line":44,"column":9}},"loc":{"start":{"line":44,"column":27},"end":{"line":46,"column":1}},"line":44}},"branchMap":{"0":{"loc":{"start":{"line":4,"column":9},"end":{"line":4,"column":33}},"type":"binary-expr","locations":[{"start":{"line":4,"column":9},"end":{"line":4,"column":25}},{"start":{"line":4,"column":29},"end":{"line":4,"column":33}}],"line":4}},"s":{"0":1,"1":1,"2":1,"3":1,"4":1,"5":1,"6":1,"7":1,"8":1,"9":1,"10":1,"11":1,"12":1,"13":1,"14":1,"15":1,"16":1,"17":1,"18":1,"19":1,"20":1,"21":1,"22":1,"23":1,"24":0,"25":1,"26":1},"f":{"0":0},"b":{"0":[1,1]},"_coverageSchema":"332fd63041d2c1bcb487cc26dd0d5f7d97098a6c","hash":"aa2459d8262c19629d8080884da0cb16e242a4c6"}
,"/Users/paula/work/repositories/MyAlergesServer/node-js-getting-started/api/controllers/foodController.js": {"path":"/Users/paula/work/repositories/MyAlergesServer/node-js-getting-started/api/controllers/foodController.js","statementMap":{"0":{"start":{"line":3,"column":15},"end":{"line":3,"column":34}},"1":{"start":{"line":4,"column":9},"end":{"line":4,"column":31}},"2":{"start":{"line":5,"column":16},"end":{"line":5,"column":34}},"3":{"start":{"line":6,"column":19},"end":{"line":6,"column":35}},"4":{"start":{"line":7,"column":0},"end":{"line":31,"column":2}},"5":{"start":{"line":8,"column":16},"end":{"line":8,"column":33}},"6":{"start":{"line":9,"column":13},"end":{"line":9,"column":23}},"7":{"start":{"line":10,"column":2},"end":{"line":29,"column":6}},"8":{"start":{"line":12,"column":5},"end":{"line":12,"column":52}},"9":{"start":{"line":13,"column":21},"end":{"line":13,"column":63}},"10":{"start":{"line":14,"column":5},"end":{"line":21,"column":6}},"11":{"start":{"line":15,"column":7},"end":{"line":20,"column":8}},"12":{"start":{"line":16,"column":9},"end":{"line":16,"column":65}},"13":{"start":{"line":17,"column":9},"end":{"line":19,"column":10}},"14":{"start":{"line":18,"column":11},"end":{"line":18,"column":17}},"15":{"start":{"line":22,"column":5},"end":{"line":22,"column":58}},"16":{"start":{"line":23,"column":5},"end":{"line":24,"column":8}},"17":{"start":{"line":25,"column":3},"end":{"line":25,"column":18}},"18":{"start":{"line":28,"column":5},"end":{"line":28,"column":21}},"19":{"start":{"line":30,"column":3},"end":{"line":30,"column":21}}},"fnMap":{"0":{"name":"(anonymous_0)","decl":{"start":{"line":7,"column":30},"end":{"line":7,"column":31}},"loc":{"start":{"line":7,"column":49},"end":{"line":31,"column":1}},"line":7},"1":{"name":"(anonymous_1)","decl":{"start":{"line":11,"column":9},"end":{"line":11,"column":10}},"loc":{"start":{"line":11,"column":29},"end":{"line":26,"column":4}},"line":11},"2":{"name":"(anonymous_2)","decl":{"start":{"line":23,"column":15},"end":{"line":23,"column":16}},"loc":{"start":{"line":23,"column":29},"end":{"line":24,"column":6}},"line":23},"3":{"name":"(anonymous_3)","decl":{"start":{"line":27,"column":10},"end":{"line":27,"column":11}},"loc":{"start":{"line":27,"column":27},"end":{"line":29,"column":4}},"line":27}},"branchMap":{"0":{"loc":{"start":{"line":14,"column":5},"end":{"line":21,"column":6}},"type":"if","locations":[{"start":{"line":14,"column":5},"end":{"line":21,"column":6}},{"start":{"line":14,"column":5},"end":{"line":21,"column":6}}],"line":14},"1":{"loc":{"start":{"line":17,"column":9},"end":{"line":19,"column":10}},"type":"if","locations":[{"start":{"line":17,"column":9},"end":{"line":19,"column":10}},{"start":{"line":17,"column":9},"end":{"line":19,"column":10}}],"line":17}},"s":{"0":1,"1":1,"2":1,"3":1,"4":1,"5":0,"6":0,"7":0,"8":0,"9":0,"10":0,"11":0,"12":0,"13":0,"14":0,"15":0,"16":0,"17":0,"18":0,"19":0},"f":{"0":0,"1":0,"2":0,"3":0},"b":{"0":[0,0],"1":[0,0]},"_coverageSchema":"332fd63041d2c1bcb487cc26dd0d5f7d97098a6c","hash":"79767fa1be3b38c36e4291105c072537b27d5e87"}
,"/Users/paula/work/repositories/MyAlergesServer/node-js-getting-started/api/controllers/userController.js": {"path":"/Users/paula/work/repositories/MyAlergesServer/node-js-getting-started/api/controllers/userController.js","statementMap":{"0":{"start":{"line":3,"column":15},"end":{"line":3,"column":34}},"1":{"start":{"line":4,"column":9},"end":{"line":4,"column":31}},"2":{"start":{"line":5,"column":16},"end":{"line":5,"column":34}},"3":{"start":{"line":6,"column":19},"end":{"line":6,"column":35}},"4":{"start":{"line":7,"column":20},"end":{"line":7,"column":41}},"5":{"start":{"line":8,"column":15},"end":{"line":8,"column":48}},"6":{"start":{"line":10,"column":17},"end":{"line":10,"column":36}},"7":{"start":{"line":11,"column":0},"end":{"line":36,"column":2}},"8":{"start":{"line":12,"column":2},"end":{"line":12,"column":49}},"9":{"start":{"line":13,"column":2},"end":{"line":13,"column":50}},"10":{"start":{"line":14,"column":14},"end":{"line":14,"column":38}},"11":{"start":{"line":15,"column":4},"end":{"line":35,"column":7}},"12":{"start":{"line":16,"column":19},"end":{"line":16,"column":35}},"13":{"start":{"line":17,"column":6},"end":{"line":32,"column":7}},"14":{"start":{"line":18,"column":22},"end":{"line":18,"column":58}},"15":{"start":{"line":19,"column":8},"end":{"line":29,"column":11}},"16":{"start":{"line":22,"column":12},"end":{"line":22,"column":31}},"17":{"start":{"line":22,"column":21},"end":{"line":22,"column":31}},"18":{"start":{"line":24,"column":12},"end":{"line":28,"column":13}},"19":{"start":{"line":25,"column":14},"end":{"line":25,"column":107}},"20":{"start":{"line":27,"column":14},"end":{"line":27,"column":94}},"21":{"start":{"line":31,"column":8},"end":{"line":31,"column":81}},"22":{"start":{"line":34,"column":8},"end":{"line":34,"column":20}},"23":{"start":{"line":37,"column":0},"end":{"line":56,"column":2}},"24":{"start":{"line":38,"column":2},"end":{"line":38,"column":49}},"25":{"start":{"line":39,"column":2},"end":{"line":39,"column":60}},"26":{"start":{"line":40,"column":2},"end":{"line":55,"column":5}},"27":{"start":{"line":41,"column":6},"end":{"line":41,"column":72}},"28":{"start":{"line":43,"column":20},"end":{"line":46,"column":8}},"29":{"start":{"line":48,"column":6},"end":{"line":54,"column":9}},"30":{"start":{"line":49,"column":8},"end":{"line":51,"column":9}},"31":{"start":{"line":50,"column":10},"end":{"line":50,"column":77}},"32":{"start":{"line":52,"column":8},"end":{"line":52,"column":55}},"33":{"start":{"line":53,"column":8},"end":{"line":53,"column":71}},"34":{"start":{"line":57,"column":0},"end":{"line":81,"column":2}},"35":{"start":{"line":58,"column":2},"end":{"line":58,"column":49}},"36":{"start":{"line":59,"column":2},"end":{"line":59,"column":64}},"37":{"start":{"line":60,"column":2},"end":{"line":80,"column":7}},"38":{"start":{"line":63,"column":6},"end":{"line":63,"column":25}},"39":{"start":{"line":63,"column":15},"end":{"line":63,"column":25}},"40":{"start":{"line":65,"column":6},"end":{"line":79,"column":7}},"41":{"start":{"line":66,"column":8},"end":{"line":66,"column":82}},"42":{"start":{"line":69,"column":8},"end":{"line":78,"column":11}},"43":{"start":{"line":70,"column":10},"end":{"line":77,"column":11}},"44":{"start":{"line":72,"column":24},"end":{"line":72,"column":55}},"45":{"start":{"line":74,"column":12},"end":{"line":74,"column":61}},"46":{"start":{"line":76,"column":12},"end":{"line":76,"column":86}},"47":{"start":{"line":82,"column":0},"end":{"line":93,"column":2}},"48":{"start":{"line":83,"column":2},"end":{"line":92,"column":3}},"49":{"start":{"line":84,"column":17},"end":{"line":84,"column":49}},"50":{"start":{"line":85,"column":4},"end":{"line":89,"column":5}},"51":{"start":{"line":86,"column":6},"end":{"line":86,"column":23}},"52":{"start":{"line":88,"column":6},"end":{"line":88,"column":18}},"53":{"start":{"line":91,"column":4},"end":{"line":91,"column":16}}},"fnMap":{"0":{"name":"(anonymous_0)","decl":{"start":{"line":11,"column":24},"end":{"line":11,"column":25}},"loc":{"start":{"line":11,"column":43},"end":{"line":36,"column":1}},"line":11},"1":{"name":"(anonymous_1)","decl":{"start":{"line":21,"column":11},"end":{"line":21,"column":12}},"loc":{"start":{"line":21,"column":31},"end":{"line":29,"column":9}},"line":21},"2":{"name":"(anonymous_2)","decl":{"start":{"line":37,"column":24},"end":{"line":37,"column":25}},"loc":{"start":{"line":37,"column":43},"end":{"line":56,"column":1}},"line":37},"3":{"name":"(anonymous_3)","decl":{"start":{"line":48,"column":19},"end":{"line":48,"column":20}},"loc":{"start":{"line":48,"column":33},"end":{"line":54,"column":7}},"line":48},"4":{"name":"(anonymous_4)","decl":{"start":{"line":57,"column":28},"end":{"line":57,"column":29}},"loc":{"start":{"line":57,"column":47},"end":{"line":81,"column":1}},"line":57},"5":{"name":"(anonymous_5)","decl":{"start":{"line":62,"column":7},"end":{"line":62,"column":8}},"loc":{"start":{"line":62,"column":27},"end":{"line":80,"column":5}},"line":62},"6":{"name":"(anonymous_6)","decl":{"start":{"line":69,"column":49},"end":{"line":69,"column":50}},"loc":{"start":{"line":69,"column":73},"end":{"line":78,"column":9}},"line":69},"7":{"name":"(anonymous_7)","decl":{"start":{"line":82,"column":19},"end":{"line":82,"column":20}},"loc":{"start":{"line":82,"column":38},"end":{"line":93,"column":1}},"line":82}},"branchMap":{"0":{"loc":{"start":{"line":15,"column":4},"end":{"line":35,"column":7}},"type":"if","locations":[{"start":{"line":15,"column":4},"end":{"line":35,"column":7}},{"start":{"line":15,"column":4},"end":{"line":35,"column":7}}],"line":15},"1":{"loc":{"start":{"line":17,"column":6},"end":{"line":32,"column":7}},"type":"if","locations":[{"start":{"line":17,"column":6},"end":{"line":32,"column":7}},{"start":{"line":17,"column":6},"end":{"line":32,"column":7}}],"line":17},"2":{"loc":{"start":{"line":22,"column":12},"end":{"line":22,"column":31}},"type":"if","locations":[{"start":{"line":22,"column":12},"end":{"line":22,"column":31}},{"start":{"line":22,"column":12},"end":{"line":22,"column":31}}],"line":22},"3":{"loc":{"start":{"line":24,"column":12},"end":{"line":28,"column":13}},"type":"if","locations":[{"start":{"line":24,"column":12},"end":{"line":28,"column":13}},{"start":{"line":24,"column":12},"end":{"line":28,"column":13}}],"line":24},"4":{"loc":{"start":{"line":40,"column":2},"end":{"line":55,"column":5}},"type":"if","locations":[{"start":{"line":40,"column":2},"end":{"line":55,"column":5}},{"start":{"line":40,"column":2},"end":{"line":55,"column":5}}],"line":40},"5":{"loc":{"start":{"line":40,"column":6},"end":{"line":40,"column":44}},"type":"binary-expr","locations":[{"start":{"line":40,"column":6},"end":{"line":40,"column":21}},{"start":{"line":40,"column":25},"end":{"line":40,"column":44}}],"line":40},"6":{"loc":{"start":{"line":49,"column":8},"end":{"line":51,"column":9}},"type":"if","locations":[{"start":{"line":49,"column":8},"end":{"line":51,"column":9}},{"start":{"line":49,"column":8},"end":{"line":51,"column":9}}],"line":49},"7":{"loc":{"start":{"line":63,"column":6},"end":{"line":63,"column":25}},"type":"if","locations":[{"start":{"line":63,"column":6},"end":{"line":63,"column":25}},{"start":{"line":63,"column":6},"end":{"line":63,"column":25}}],"line":63},"8":{"loc":{"start":{"line":65,"column":6},"end":{"line":79,"column":7}},"type":"if","locations":[{"start":{"line":65,"column":6},"end":{"line":79,"column":7}},{"start":{"line":65,"column":6},"end":{"line":79,"column":7}}],"line":65},"9":{"loc":{"start":{"line":70,"column":10},"end":{"line":77,"column":11}},"type":"if","locations":[{"start":{"line":70,"column":10},"end":{"line":77,"column":11}},{"start":{"line":70,"column":10},"end":{"line":77,"column":11}}],"line":70},"10":{"loc":{"start":{"line":70,"column":14},"end":{"line":70,"column":29}},"type":"binary-expr","locations":[{"start":{"line":70,"column":14},"end":{"line":70,"column":21}},{"start":{"line":70,"column":25},"end":{"line":70,"column":29}}],"line":70},"11":{"loc":{"start":{"line":83,"column":2},"end":{"line":92,"column":3}},"type":"if","locations":[{"start":{"line":83,"column":2},"end":{"line":92,"column":3}},{"start":{"line":83,"column":2},"end":{"line":92,"column":3}}],"line":83},"12":{"loc":{"start":{"line":83,"column":6},"end":{"line":83,"column":38}},"type":"binary-expr","locations":[{"start":{"line":83,"column":6},"end":{"line":83,"column":13}},{"start":{"line":83,"column":17},"end":{"line":83,"column":38}}],"line":83},"13":{"loc":{"start":{"line":85,"column":4},"end":{"line":89,"column":5}},"type":"if","locations":[{"start":{"line":85,"column":4},"end":{"line":89,"column":5}},{"start":{"line":85,"column":4},"end":{"line":89,"column":5}}],"line":85}},"s":{"0":1,"1":1,"2":1,"3":1,"4":1,"5":1,"6":1,"7":1,"8":0,"9":0,"10":0,"11":0,"12":0,"13":0,"14":0,"15":0,"16":0,"17":0,"18":0,"19":0,"20":0,"21":0,"22":0,"23":1,"24":0,"25":0,"26":0,"27":0,"28":0,"29":0,"30":0,"31":0,"32":0,"33":0,"34":1,"35":0,"36":0,"37":0,"38":0,"39":0,"40":0,"41":0,"42":0,"43":0,"44":0,"45":0,"46":0,"47":1,"48":0,"49":0,"50":0,"51":0,"52":0,"53":0},"f":{"0":0,"1":0,"2":0,"3":0,"4":0,"5":0,"6":0,"7":0},"b":{"0":[0,0],"1":[0,0],"2":[0,0],"3":[0,0],"4":[0,0],"5":[0,0],"6":[0,0],"7":[0,0],"8":[0,0],"9":[0,0],"10":[0,0],"11":[0,0],"12":[0,0],"13":[0,0]},"_coverageSchema":"332fd63041d2c1bcb487cc26dd0d5f7d97098a6c","hash":"79f0bf486e28f855f693fc3e75d06d8e1b8726c9"}
,"/Users/paula/work/repositories/MyAlergesServer/node-js-getting-started/api/models/foodModel.js": {"path":"/Users/paula/work/repositories/MyAlergesServer/node-js-getting-started/api/models/foodModel.js","statementMap":{"0":{"start":{"line":3,"column":19},"end":{"line":3,"column":38}},"1":{"start":{"line":4,"column":19},"end":{"line":4,"column":34}},"2":{"start":{"line":6,"column":19},"end":{"line":9,"column":2}},"3":{"start":{"line":11,"column":0},"end":{"line":11,"column":52}}},"fnMap":{},"branchMap":{},"s":{"0":1,"1":1,"2":1,"3":1},"f":{},"b":{},"_coverageSchema":"332fd63041d2c1bcb487cc26dd0d5f7d97098a6c","hash":"9542597700b84fd48b830e12ad6a4cf90ad9a9c7"}
,"/Users/paula/work/repositories/MyAlergesServer/node-js-getting-started/api/models/userModel.js": {"path":"/Users/paula/work/repositories/MyAlergesServer/node-js-getting-started/api/models/userModel.js","statementMap":{"0":{"start":{"line":1,"column":15},"end":{"line":1,"column":34}},"1":{"start":{"line":2,"column":13},"end":{"line":2,"column":28}},"2":{"start":{"line":3,"column":13},"end":{"line":3,"column":30}},"3":{"start":{"line":5,"column":17},"end":{"line":15,"column":2}},"4":{"start":{"line":16,"column":0},"end":{"line":34,"column":3}},"5":{"start":{"line":17,"column":15},"end":{"line":17,"column":19}},"6":{"start":{"line":18,"column":4},"end":{"line":33,"column":5}},"7":{"start":{"line":19,"column":8},"end":{"line":30,"column":11}},"8":{"start":{"line":20,"column":12},"end":{"line":22,"column":13}},"9":{"start":{"line":21,"column":16},"end":{"line":21,"column":33}},"10":{"start":{"line":23,"column":12},"end":{"line":29,"column":15}},"11":{"start":{"line":24,"column":16},"end":{"line":26,"column":17}},"12":{"start":{"line":25,"column":20},"end":{"line":25,"column":37}},"13":{"start":{"line":27,"column":16},"end":{"line":27,"column":37}},"14":{"start":{"line":28,"column":16},"end":{"line":28,"column":23}},"15":{"start":{"line":32,"column":8},"end":{"line":32,"column":22}},"16":{"start":{"line":36,"column":0},"end":{"line":43,"column":2}},"17":{"start":{"line":37,"column":4},"end":{"line":42,"column":7}},"18":{"start":{"line":38,"column":8},"end":{"line":40,"column":9}},"19":{"start":{"line":39,"column":12},"end":{"line":39,"column":27}},"20":{"start":{"line":41,"column":8},"end":{"line":41,"column":26}},"21":{"start":{"line":45,"column":0},"end":{"line":45,"column":52}}},"fnMap":{"0":{"name":"(anonymous_0)","decl":{"start":{"line":16,"column":23},"end":{"line":16,"column":24}},"loc":{"start":{"line":16,"column":39},"end":{"line":34,"column":1}},"line":16},"1":{"name":"(anonymous_1)","decl":{"start":{"line":19,"column":27},"end":{"line":19,"column":28}},"loc":{"start":{"line":19,"column":48},"end":{"line":30,"column":9}},"line":19},"2":{"name":"(anonymous_2)","decl":{"start":{"line":23,"column":45},"end":{"line":23,"column":46}},"loc":{"start":{"line":23,"column":66},"end":{"line":29,"column":13}},"line":23},"3":{"name":"(anonymous_3)","decl":{"start":{"line":36,"column":37},"end":{"line":36,"column":38}},"loc":{"start":{"line":36,"column":58},"end":{"line":43,"column":1}},"line":36},"4":{"name":"(anonymous_4)","decl":{"start":{"line":37,"column":41},"end":{"line":37,"column":42}},"loc":{"start":{"line":37,"column":65},"end":{"line":42,"column":5}},"line":37}},"branchMap":{"0":{"loc":{"start":{"line":18,"column":4},"end":{"line":33,"column":5}},"type":"if","locations":[{"start":{"line":18,"column":4},"end":{"line":33,"column":5}},{"start":{"line":18,"column":4},"end":{"line":33,"column":5}}],"line":18},"1":{"loc":{"start":{"line":18,"column":8},"end":{"line":18,"column":49}},"type":"binary-expr","locations":[{"start":{"line":18,"column":8},"end":{"line":18,"column":35}},{"start":{"line":18,"column":39},"end":{"line":18,"column":49}}],"line":18},"2":{"loc":{"start":{"line":20,"column":12},"end":{"line":22,"column":13}},"type":"if","locations":[{"start":{"line":20,"column":12},"end":{"line":22,"column":13}},{"start":{"line":20,"column":12},"end":{"line":22,"column":13}}],"line":20},"3":{"loc":{"start":{"line":24,"column":16},"end":{"line":26,"column":17}},"type":"if","locations":[{"start":{"line":24,"column":16},"end":{"line":26,"column":17}},{"start":{"line":24,"column":16},"end":{"line":26,"column":17}}],"line":24},"4":{"loc":{"start":{"line":38,"column":8},"end":{"line":40,"column":9}},"type":"if","locations":[{"start":{"line":38,"column":8},"end":{"line":40,"column":9}},{"start":{"line":38,"column":8},"end":{"line":40,"column":9}}],"line":38}},"s":{"0":1,"1":1,"2":1,"3":1,"4":1,"5":0,"6":0,"7":0,"8":0,"9":0,"10":0,"11":0,"12":0,"13":0,"14":0,"15":0,"16":1,"17":0,"18":0,"19":0,"20":0,"21":1},"f":{"0":0,"1":0,"2":0,"3":0,"4":0},"b":{"0":[0,0],"1":[0,0],"2":[0,0],"3":[0,0],"4":[0,0]},"_coverageSchema":"332fd63041d2c1bcb487cc26dd0d5f7d97098a6c","hash":"564e47c1169f3e24674b0e7409323370f5c88061"}
,"/Users/paula/work/repositories/MyAlergesServer/node-js-getting-started/api/persistence/UserDAO.js": {"path":"/Users/paula/work/repositories/MyAlergesServer/node-js-getting-started/api/persistence/UserDAO.js","statementMap":{"0":{"start":{"line":1,"column":0},"end":{"line":4,"column":2}}},"fnMap":{},"branchMap":{},"s":{"0":1},"f":{},"b":{},"_coverageSchema":"332fd63041d2c1bcb487cc26dd0d5f7d97098a6c","hash":"b22c4b6be7bfed65c1c15a781a26128606c4006c"}
,"/Users/paula/work/repositories/MyAlergesServer/node-js-getting-started/api/persistence/passport.js": {"path":"/Users/paula/work/repositories/MyAlergesServer/node-js-getting-started/api/persistence/passport.js","statementMap":{"0":{"start":{"line":1,"column":18},"end":{"line":1,"column":50}},"1":{"start":{"line":4,"column":11},"end":{"line":4,"column":41}},"2":{"start":{"line":8,"column":0},"end":{"line":23,"column":2}},"3":{"start":{"line":9,"column":13},"end":{"line":9,"column":15}},"4":{"start":{"line":10,"column":2},"end":{"line":10,"column":42}},"5":{"start":{"line":11,"column":2},"end":{"line":22,"column":6}},"6":{"start":{"line":12,"column":4},"end":{"line":21,"column":9}},"7":{"start":{"line":13,"column":10},"end":{"line":15,"column":11}},"8":{"start":{"line":14,"column":14},"end":{"line":14,"column":38}},"9":{"start":{"line":16,"column":10},"end":{"line":20,"column":11}},"10":{"start":{"line":17,"column":14},"end":{"line":17,"column":31}},"11":{"start":{"line":19,"column":14},"end":{"line":19,"column":32}}},"fnMap":{"0":{"name":"(anonymous_0)","decl":{"start":{"line":8,"column":17},"end":{"line":8,"column":18}},"loc":{"start":{"line":8,"column":36},"end":{"line":23,"column":1}},"line":8},"1":{"name":"(anonymous_1)","decl":{"start":{"line":11,"column":37},"end":{"line":11,"column":38}},"loc":{"start":{"line":11,"column":65},"end":{"line":22,"column":3}},"line":11},"2":{"name":"(anonymous_2)","decl":{"start":{"line":12,"column":39},"end":{"line":12,"column":40}},"loc":{"start":{"line":12,"column":59},"end":{"line":21,"column":7}},"line":12}},"branchMap":{"0":{"loc":{"start":{"line":13,"column":10},"end":{"line":15,"column":11}},"type":"if","locations":[{"start":{"line":13,"column":10},"end":{"line":15,"column":11}},{"start":{"line":13,"column":10},"end":{"line":15,"column":11}}],"line":13},"1":{"loc":{"start":{"line":16,"column":10},"end":{"line":20,"column":11}},"type":"if","locations":[{"start":{"line":16,"column":10},"end":{"line":20,"column":11}},{"start":{"line":16,"column":10},"end":{"line":20,"column":11}}],"line":16}},"s":{"0":1,"1":1,"2":1,"3":1,"4":1,"5":1,"6":0,"7":0,"8":0,"9":0,"10":0,"11":0},"f":{"0":1,"1":0,"2":0},"b":{"0":[0,0],"1":[0,0]},"_coverageSchema":"332fd63041d2c1bcb487cc26dd0d5f7d97098a6c","hash":"6b62aae08a2ac54d6816165e7cff03d6d8d43cfa"}
,"/Users/paula/work/repositories/MyAlergesServer/node-js-getting-started/api/routes/foodRoutes.js": {"path":"/Users/paula/work/repositories/MyAlergesServer/node-js-getting-started/api/routes/foodRoutes.js","statementMap":{"0":{"start":{"line":3,"column":0},"end":{"line":10,"column":2}},"1":{"start":{"line":4,"column":12},"end":{"line":4,"column":52}},"2":{"start":{"line":7,"column":1},"end":{"line":8,"column":32}},"3":{"start":{"line":9,"column":2},"end":{"line":9,"column":28}}},"fnMap":{"0":{"name":"(anonymous_0)","decl":{"start":{"line":3,"column":17},"end":{"line":3,"column":18}},"loc":{"start":{"line":3,"column":31},"end":{"line":10,"column":1}},"line":3}},"branchMap":{},"s":{"0":1,"1":1,"2":1,"3":1},"f":{"0":1},"b":{},"_coverageSchema":"332fd63041d2c1bcb487cc26dd0d5f7d97098a6c","hash":"793402b2c99cef17b310f14e21ab2dd419b02d08"}
,"/Users/paula/work/repositories/MyAlergesServer/node-js-getting-started/api/routes/userRoutes.js": {"path":"/Users/paula/work/repositories/MyAlergesServer/node-js-getting-started/api/routes/userRoutes.js","statementMap":{"0":{"start":{"line":3,"column":0},"end":{"line":18,"column":2}},"1":{"start":{"line":4,"column":12},"end":{"line":4,"column":52}},"2":{"start":{"line":7,"column":1},"end":{"line":8,"column":26}},"3":{"start":{"line":9,"column":2},"end":{"line":9,"column":33}},"4":{"start":{"line":11,"column":1},"end":{"line":12,"column":28}},"5":{"start":{"line":13,"column":2},"end":{"line":13,"column":43}},"6":{"start":{"line":15,"column":1},"end":{"line":16,"column":32}},"7":{"start":{"line":17,"column":2},"end":{"line":17,"column":47}}},"fnMap":{"0":{"name":"(anonymous_0)","decl":{"start":{"line":3,"column":17},"end":{"line":3,"column":18}},"loc":{"start":{"line":3,"column":31},"end":{"line":18,"column":1}},"line":3}},"branchMap":{},"s":{"0":1,"1":1,"2":1,"3":1,"4":1,"5":1,"6":1,"7":1},"f":{"0":1},"b":{},"_coverageSchema":"332fd63041d2c1bcb487cc26dd0d5f7d97098a6c","hash":"7e88d3e89c3a3955e90cd41f838c5ff016bd8b8f"}
}
